<?xml version="1.0" encoding="UTF-8"?>
<!-- Generated by org.testng.reporters.JUnitReportReporter -->
<testsuite hostname="Sony-PC" failures="0" tests="2" name="Selenium.MavenJava.Test2" time="0.018" errors="0" timestamp="2021-06-07T19:43:52 IST" skipped="0">
  <testcase classname="Selenium.MavenJava.Test2" name="maventest21" time="0.016"/>
  <system-out/>
  <testcase classname="Selenium.MavenJava.Test2" name="maventest22" time="0.002"/>
  <system-out/>
</testsuite> <!-- Selenium.MavenJava.Test2 -->
